  [1m[35m (8.4ms)[0m  [1m[35mCREATE TABLE "schema_migrations" ("version" character varying NOT NULL PRIMARY KEY)[0m
  [1m[35m (21.9ms)[0m  [1m[35mCREATE TABLE "ar_internal_metadata" ("key" character varying NOT NULL PRIMARY KEY, "value" character varying, "created_at" timestamp NOT NULL, "updated_at" timestamp NOT NULL)[0m
  [1m[35m (0.6ms)[0m  [1m[34mSELECT pg_try_advisory_lock(1132334108769339420)[0m
  [1m[35m (0.7ms)[0m  [1m[34mSELECT "schema_migrations"."version" FROM "schema_migrations" ORDER BY "schema_migrations"."version" ASC[0m
Migrating to CreateUsers (20180326190152)
  [1m[35m (0.2ms)[0m  [1m[35mBEGIN[0m
  [1m[35m (30.9ms)[0m  [1m[35mCREATE TABLE "users" ("id" bigserial primary key, "name" character varying, "created_at" timestamp NOT NULL, "updated_at" timestamp NOT NULL)[0m
  [1m[35mSQL (0.8ms)[0m  [1m[32mINSERT INTO "schema_migrations" ("version") VALUES ($1) RETURNING "version"[0m  [["version", "20180326190152"]]
  [1m[35m (0.4ms)[0m  [1m[35mCOMMIT[0m
  [1m[36mActiveRecord::InternalMetadata Load (0.4ms)[0m  [1m[34mSELECT  "ar_internal_metadata".* FROM "ar_internal_metadata" WHERE "ar_internal_metadata"."key" = $1 LIMIT $2[0m  [["key", "environment"], ["LIMIT", 1]]
  [1m[35m (0.1ms)[0m  [1m[35mBEGIN[0m
  [1m[35mSQL (0.9ms)[0m  [1m[32mINSERT INTO "ar_internal_metadata" ("key", "value", "created_at", "updated_at") VALUES ($1, $2, $3, $4) RETURNING "key"[0m  [["key", "environment"], ["value", "development"], ["created_at", "2018-03-26 19:04:10.400657"], ["updated_at", "2018-03-26 19:04:10.400657"]]
  [1m[35m (0.3ms)[0m  [1m[35mCOMMIT[0m
  [1m[35m (0.2ms)[0m  [1m[34mSELECT pg_advisory_unlock(1132334108769339420)[0m
  [1m[35m (0.2ms)[0m  [1m[34mSELECT "schema_migrations"."version" FROM "schema_migrations" ORDER BY "schema_migrations"."version" ASC[0m
  [1m[35m (0.6ms)[0m  [1m[34mSELECT "schema_migrations"."version" FROM "schema_migrations" ORDER BY "schema_migrations"."version" ASC[0m
  [1m[35m (0.1ms)[0m  [1m[35mBEGIN[0m
  [1m[35mSQL (1.0ms)[0m  [1m[32mINSERT INTO "users" ("name", "created_at", "updated_at") VALUES ($1, $2, $3) RETURNING "id"[0m  [["name", "Rick"], ["created_at", "2018-03-26 19:05:13.432377"], ["updated_at", "2018-03-26 19:05:13.432377"]]
  [1m[35m (1.9ms)[0m  [1m[35mCOMMIT[0m
  [1m[35m (0.1ms)[0m  [1m[35mBEGIN[0m
  [1m[35mSQL (0.4ms)[0m  [1m[32mINSERT INTO "users" ("name", "created_at", "updated_at") VALUES ($1, $2, $3) RETURNING "id"[0m  [["name", "Scott"], ["created_at", "2018-03-26 19:05:13.437052"], ["updated_at", "2018-03-26 19:05:13.437052"]]
  [1m[35m (0.2ms)[0m  [1m[35mCOMMIT[0m
  [1m[36mUser Load (0.4ms)[0m  [1m[34mSELECT  "users".* FROM "users" LIMIT $1[0m  [["LIMIT", 11]]
Started GET "/" for 127.0.0.1 at 2018-03-26 15:24:04 -0400
  [1m[35m (0.9ms)[0m  [1m[34mSELECT "schema_migrations"."version" FROM "schema_migrations" ORDER BY "schema_migrations"."version" ASC[0m
Processing by Rails::WelcomeController#index as HTML
  Rendering /Users/ricknilon/.rvm/gems/ruby-2.3.3/gems/railties-5.1.5/lib/rails/templates/rails/welcome/index.html.erb
  Rendered /Users/ricknilon/.rvm/gems/ruby-2.3.3/gems/railties-5.1.5/lib/rails/templates/rails/welcome/index.html.erb (3.0ms)
Completed 200 OK in 8ms (Views: 6.4ms | ActiveRecord: 0.0ms)


Started GET "/api/v1/users" for 127.0.0.1 at 2018-03-26 15:25:00 -0400
Processing by Api::V1::UsersController#index as HTML
  [1m[36mUser Load (0.7ms)[0m  [1m[34mSELECT "users".* FROM "users"[0m
No serializer found for resource: #<User id: 1, name: "Rick", created_at: "2018-03-26 19:05:13", updated_at: "2018-03-26 19:05:13">
[active_model_serializers] Rendered ActiveModel::Serializer::CollectionSerializer with User::ActiveRecord_Relation (0.37ms)
Completed 200 OK in 39ms (Views: 20.5ms | ActiveRecord: 15.5ms)


Started GET "/api/v1/users" for 127.0.0.1 at 2018-03-26 15:28:21 -0400
Started GET "/api/v1/users/1" for 127.0.0.1 at 2018-03-26 15:28:31 -0400
  
  
LoadError (cannot load such file -- /Users/ricknilon/Development/Traveler/config/routes.rb):
ActionController::RoutingError (No route matches [GET] "/api/v1/users/1"):
  
  
activesupport (5.1.5) lib/active_support/dependencies.rb:286:in `load'
activesupport (5.1.5) lib/active_support/dependencies.rb:286:in `block in load'
activesupport (5.1.5) lib/active_support/dependencies.rb:258:in `load_dependency'
activesupport (5.1.5) lib/active_support/dependencies.rb:286:in `load'
railties (5.1.5) lib/rails/application/routes_reloader.rb:55:in `block in load_paths'
railties (5.1.5) lib/rails/application/routes_reloader.rb:55:in `each'
railties (5.1.5) lib/rails/application/routes_reloader.rb:55:in `load_paths'
railties (5.1.5) lib/rails/application/routes_reloader.rb:18:in `reload!'
railties (5.1.5) lib/rails/application/routes_reloader.rb:41:in `block in updater'
activesupport (5.1.5) lib/active_support/file_update_checker.rb:81:in `execute'
railties (5.1.5) lib/rails/application/routes_reloader.rb:25:in `execute'
railties (5.1.5) lib/rails/application/finisher.rb:141:in `block (2 levels) in <module:Finisher>'
activesupport (5.1.5) lib/active_support/callbacks.rb:413:in `instance_exec'
activesupport (5.1.5) lib/active_support/callbacks.rb:413:in `block in make_lambda'
activesupport (5.1.5) lib/active_support/callbacks.rb:197:in `block (2 levels) in halting'
activesupport (5.1.5) lib/active_support/callbacks.rb:601:in `block (2 levels) in default_terminator'
activesupport (5.1.5) lib/active_support/callbacks.rb:600:in `catch'
activesupport (5.1.5) lib/active_support/callbacks.rb:600:in `block in default_terminator'
activesupport (5.1.5) lib/active_support/callbacks.rb:198:in `block in halting'
activesupport (5.1.5) lib/active_support/callbacks.rb:507:in `block in invoke_before'
activesupport (5.1.5) lib/active_support/callbacks.rb:507:in `each'
activesupport (5.1.5) lib/active_support/callbacks.rb:507:in `invoke_before'
activesupport (5.1.5) lib/active_support/callbacks.rb:130:in `run_callbacks'
activesupport (5.1.5) lib/active_support/execution_wrapper.rb:108:in `run!'
activesupport (5.1.5) lib/active_support/reloader.rb:113:in `run!'
activesupport (5.1.5) lib/active_support/execution_wrapper.rb:70:in `block in run!'
activesupport (5.1.5) lib/active_support/execution_wrapper.rb:67:in `tap'
activesupport (5.1.5) lib/active_support/execution_wrapper.rb:67:in `run!'
activesupport (5.1.5) lib/active_support/reloader.rb:59:in `run!'
actionpack (5.1.5) lib/action_dispatch/middleware/executor.rb:10:in `call'
actionpack (5.1.5) lib/action_dispatch/middleware/debug_exceptions.rb:59:in `call'
actionpack (5.1.5) lib/action_dispatch/middleware/show_exceptions.rb:31:in `call'
railties (5.1.5) lib/rails/rack/logger.rb:36:in `call_app'
railties (5.1.5) lib/rails/rack/logger.rb:24:in `block in call'
activesupport (5.1.5) lib/active_support/tagged_logging.rb:69:in `block in tagged'
activesupport (5.1.5) lib/active_support/tagged_logging.rb:26:in `tagged'
activesupport (5.1.5) lib/active_support/tagged_logging.rb:69:in `tagged'
railties (5.1.5) lib/rails/rack/logger.rb:24:in `call'
actionpack (5.1.5) lib/action_dispatch/middleware/remote_ip.rb:79:in `call'
actionpack (5.1.5) lib/action_dispatch/middleware/request_id.rb:25:in `call'
rack (2.0.4) lib/rack/runtime.rb:22:in `call'
activesupport (5.1.5) lib/active_support/cache/strategy/local_cache_middleware.rb:27:in `call'
actionpack (5.1.5) lib/action_dispatch/middleware/executor.rb:12:in `call'
actionpack (5.1.5) lib/action_dispatch/middleware/static.rb:125:in `call'
rack (2.0.4) lib/rack/sendfile.rb:111:in `call'
rack-cors (1.0.2) lib/rack/cors.rb:97:in `call'
railties (5.1.5) lib/rails/engine.rb:522:in `call'
puma (3.11.3) lib/puma/configuration.rb:225:in `call'
puma (3.11.3) lib/puma/server.rb:624:in `handle_request'
puma (3.11.3) lib/puma/server.rb:438:in `process_client'
puma (3.11.3) lib/puma/server.rb:302:in `block in run'
puma (3.11.3) lib/puma/thread_pool.rb:120:in `block in spawn_thread'
actionpack (5.1.5) lib/action_dispatch/middleware/debug_exceptions.rb:63:in `call'
actionpack (5.1.5) lib/action_dispatch/middleware/show_exceptions.rb:31:in `call'
railties (5.1.5) lib/rails/rack/logger.rb:36:in `call_app'
railties (5.1.5) lib/rails/rack/logger.rb:24:in `block in call'
activesupport (5.1.5) lib/active_support/tagged_logging.rb:69:in `block in tagged'
activesupport (5.1.5) lib/active_support/tagged_logging.rb:26:in `tagged'
activesupport (5.1.5) lib/active_support/tagged_logging.rb:69:in `tagged'
railties (5.1.5) lib/rails/rack/logger.rb:24:in `call'
actionpack (5.1.5) lib/action_dispatch/middleware/remote_ip.rb:79:in `call'
actionpack (5.1.5) lib/action_dispatch/middleware/request_id.rb:25:in `call'
rack (2.0.4) lib/rack/runtime.rb:22:in `call'
activesupport (5.1.5) lib/active_support/cache/strategy/local_cache_middleware.rb:27:in `call'
actionpack (5.1.5) lib/action_dispatch/middleware/executor.rb:12:in `call'
actionpack (5.1.5) lib/action_dispatch/middleware/static.rb:125:in `call'
rack (2.0.4) lib/rack/sendfile.rb:111:in `call'
rack-cors (1.0.2) lib/rack/cors.rb:97:in `call'
railties (5.1.5) lib/rails/engine.rb:522:in `call'
puma (3.11.3) lib/puma/configuration.rb:225:in `call'
puma (3.11.3) lib/puma/server.rb:624:in `handle_request'
puma (3.11.3) lib/puma/server.rb:438:in `process_client'
puma (3.11.3) lib/puma/server.rb:302:in `block in run'
puma (3.11.3) lib/puma/thread_pool.rb:120:in `block in spawn_thread'
Started GET "/api/v1/users/1" for 127.0.0.1 at 2018-03-26 15:28:58 -0400
  
ActionController::RoutingError (No route matches [GET] "/api/v1/users/1"):
  
actionpack (5.1.5) lib/action_dispatch/middleware/debug_exceptions.rb:63:in `call'
actionpack (5.1.5) lib/action_dispatch/middleware/show_exceptions.rb:31:in `call'
railties (5.1.5) lib/rails/rack/logger.rb:36:in `call_app'
railties (5.1.5) lib/rails/rack/logger.rb:24:in `block in call'
activesupport (5.1.5) lib/active_support/tagged_logging.rb:69:in `block in tagged'
activesupport (5.1.5) lib/active_support/tagged_logging.rb:26:in `tagged'
activesupport (5.1.5) lib/active_support/tagged_logging.rb:69:in `tagged'
railties (5.1.5) lib/rails/rack/logger.rb:24:in `call'
actionpack (5.1.5) lib/action_dispatch/middleware/remote_ip.rb:79:in `call'
actionpack (5.1.5) lib/action_dispatch/middleware/request_id.rb:25:in `call'
rack (2.0.4) lib/rack/runtime.rb:22:in `call'
activesupport (5.1.5) lib/active_support/cache/strategy/local_cache_middleware.rb:27:in `call'
actionpack (5.1.5) lib/action_dispatch/middleware/executor.rb:12:in `call'
actionpack (5.1.5) lib/action_dispatch/middleware/static.rb:125:in `call'
rack (2.0.4) lib/rack/sendfile.rb:111:in `call'
rack-cors (1.0.2) lib/rack/cors.rb:97:in `call'
railties (5.1.5) lib/rails/engine.rb:522:in `call'
puma (3.11.3) lib/puma/configuration.rb:225:in `call'
puma (3.11.3) lib/puma/server.rb:624:in `handle_request'
puma (3.11.3) lib/puma/server.rb:438:in `process_client'
puma (3.11.3) lib/puma/server.rb:302:in `block in run'
puma (3.11.3) lib/puma/thread_pool.rb:120:in `block in spawn_thread'
Started GET "/api/v1/users/1" for 127.0.0.1 at 2018-03-26 15:28:59 -0400
  
ActionController::RoutingError (No route matches [GET] "/api/v1/users/1"):
  
actionpack (5.1.5) lib/action_dispatch/middleware/debug_exceptions.rb:63:in `call'
actionpack (5.1.5) lib/action_dispatch/middleware/show_exceptions.rb:31:in `call'
railties (5.1.5) lib/rails/rack/logger.rb:36:in `call_app'
railties (5.1.5) lib/rails/rack/logger.rb:24:in `block in call'
activesupport (5.1.5) lib/active_support/tagged_logging.rb:69:in `block in tagged'
activesupport (5.1.5) lib/active_support/tagged_logging.rb:26:in `tagged'
activesupport (5.1.5) lib/active_support/tagged_logging.rb:69:in `tagged'
railties (5.1.5) lib/rails/rack/logger.rb:24:in `call'
actionpack (5.1.5) lib/action_dispatch/middleware/remote_ip.rb:79:in `call'
actionpack (5.1.5) lib/action_dispatch/middleware/request_id.rb:25:in `call'
rack (2.0.4) lib/rack/runtime.rb:22:in `call'
activesupport (5.1.5) lib/active_support/cache/strategy/local_cache_middleware.rb:27:in `call'
actionpack (5.1.5) lib/action_dispatch/middleware/executor.rb:12:in `call'
actionpack (5.1.5) lib/action_dispatch/middleware/static.rb:125:in `call'
rack (2.0.4) lib/rack/sendfile.rb:111:in `call'
rack-cors (1.0.2) lib/rack/cors.rb:97:in `call'
railties (5.1.5) lib/rails/engine.rb:522:in `call'
puma (3.11.3) lib/puma/configuration.rb:225:in `call'
puma (3.11.3) lib/puma/server.rb:624:in `handle_request'
puma (3.11.3) lib/puma/server.rb:438:in `process_client'
puma (3.11.3) lib/puma/server.rb:302:in `block in run'
puma (3.11.3) lib/puma/thread_pool.rb:120:in `block in spawn_thread'
Started GET "/api/v1/users/2" for 127.0.0.1 at 2018-03-26 15:29:25 -0400
  
ActionController::RoutingError (No route matches [GET] "/api/v1/users/2"):
  
actionpack (5.1.5) lib/action_dispatch/middleware/debug_exceptions.rb:63:in `call'
actionpack (5.1.5) lib/action_dispatch/middleware/show_exceptions.rb:31:in `call'
railties (5.1.5) lib/rails/rack/logger.rb:36:in `call_app'
railties (5.1.5) lib/rails/rack/logger.rb:24:in `block in call'
activesupport (5.1.5) lib/active_support/tagged_logging.rb:69:in `block in tagged'
activesupport (5.1.5) lib/active_support/tagged_logging.rb:26:in `tagged'
activesupport (5.1.5) lib/active_support/tagged_logging.rb:69:in `tagged'
railties (5.1.5) lib/rails/rack/logger.rb:24:in `call'
actionpack (5.1.5) lib/action_dispatch/middleware/remote_ip.rb:79:in `call'
actionpack (5.1.5) lib/action_dispatch/middleware/request_id.rb:25:in `call'
rack (2.0.4) lib/rack/runtime.rb:22:in `call'
activesupport (5.1.5) lib/active_support/cache/strategy/local_cache_middleware.rb:27:in `call'
actionpack (5.1.5) lib/action_dispatch/middleware/executor.rb:12:in `call'
actionpack (5.1.5) lib/action_dispatch/middleware/static.rb:125:in `call'
rack (2.0.4) lib/rack/sendfile.rb:111:in `call'
rack-cors (1.0.2) lib/rack/cors.rb:97:in `call'
railties (5.1.5) lib/rails/engine.rb:522:in `call'
puma (3.11.3) lib/puma/configuration.rb:225:in `call'
puma (3.11.3) lib/puma/server.rb:624:in `handle_request'
puma (3.11.3) lib/puma/server.rb:438:in `process_client'
puma (3.11.3) lib/puma/server.rb:302:in `block in run'
puma (3.11.3) lib/puma/thread_pool.rb:120:in `block in spawn_thread'
Started GET "/api/v1/users/2" for 127.0.0.1 at 2018-03-26 15:30:01 -0400
  [1m[35m (0.9ms)[0m  [1m[34mSELECT "schema_migrations"."version" FROM "schema_migrations" ORDER BY "schema_migrations"."version" ASC[0m
Processing by Api::V1::UsersController#show as HTML
  Parameters: {"id"=>"2"}
  [1m[36mUser Load (0.5ms)[0m  [1m[34mSELECT  "users".* FROM "users" WHERE "users"."id" = $1 LIMIT $2[0m  [["id", 2], ["LIMIT", 1]]
[active_model_serializers] Rendered ActiveModel::Serializer::Null with User (0.5ms)
Completed 200 OK in 26ms (Views: 6.8ms | ActiveRecord: 7.4ms)


Started GET "/api/v1/users/1" for 127.0.0.1 at 2018-03-26 15:30:05 -0400
Processing by Api::V1::UsersController#show as HTML
  Parameters: {"id"=>"1"}
  [1m[36mUser Load (0.8ms)[0m  [1m[34mSELECT  "users".* FROM "users" WHERE "users"."id" = $1 LIMIT $2[0m  [["id", 1], ["LIMIT", 1]]
[active_model_serializers] Rendered ActiveModel::Serializer::Null with User (0.3ms)
Completed 200 OK in 15ms (Views: 0.9ms | ActiveRecord: 7.4ms)


Started GET "/api/v1/users/1" for 127.0.0.1 at 2018-03-26 15:33:40 -0400
  [1m[35m (0.9ms)[0m  [1m[34mSELECT "schema_migrations"."version" FROM "schema_migrations" ORDER BY "schema_migrations"."version" ASC[0m
Processing by Api::V1::UsersController#show as HTML
  Parameters: {"id"=>"1"}
  [1m[36mUser Load (0.5ms)[0m  [1m[34mSELECT  "users".* FROM "users" WHERE "users"."id" = $1 LIMIT $2[0m  [["id", 1], ["LIMIT", 1]]
[active_model_serializers] Rendered ActiveModel::Serializer::Null with User (0.57ms)
Completed 200 OK in 23ms (Views: 6.3ms | ActiveRecord: 6.8ms)


Started GET "/api/v1/users/" for 127.0.0.1 at 2018-03-26 15:33:44 -0400
Processing by Api::V1::UsersController#index as HTML
  [1m[36mUser Load (0.7ms)[0m  [1m[34mSELECT "users".* FROM "users"[0m
No serializer found for resource: #<User id: 1, name: "Rick", created_at: "2018-03-26 19:05:13", updated_at: "2018-03-26 19:05:13">
[active_model_serializers] Rendered ActiveModel::Serializer::CollectionSerializer with User::ActiveRecord_Relation (0.42ms)
Completed 200 OK in 19ms (Views: 10.2ms | ActiveRecord: 8.1ms)


Started GET "/api/v1/users" for 127.0.0.1 at 2018-03-26 15:34:33 -0400
Processing by Api::V1::UsersController#index as HTML
  [1m[36mUser Load (0.3ms)[0m  [1m[34mSELECT "users".* FROM "users"[0m
No serializer found for resource: #<User id: 1, name: "Rick", created_at: "2018-03-26 19:05:13", updated_at: "2018-03-26 19:05:13">
[active_model_serializers] Rendered ActiveModel::Serializer::CollectionSerializer with User::ActiveRecord_Relation (0.38ms)
Completed 200 OK in 2ms (Views: 1.7ms | ActiveRecord: 0.3ms)


Started GET "/index" for 127.0.0.1 at 2018-03-26 15:34:37 -0400
  
ActionController::RoutingError (No route matches [GET] "/index"):
  
actionpack (5.1.5) lib/action_dispatch/middleware/debug_exceptions.rb:63:in `call'
actionpack (5.1.5) lib/action_dispatch/middleware/show_exceptions.rb:31:in `call'
railties (5.1.5) lib/rails/rack/logger.rb:36:in `call_app'
railties (5.1.5) lib/rails/rack/logger.rb:24:in `block in call'
activesupport (5.1.5) lib/active_support/tagged_logging.rb:69:in `block in tagged'
activesupport (5.1.5) lib/active_support/tagged_logging.rb:26:in `tagged'
activesupport (5.1.5) lib/active_support/tagged_logging.rb:69:in `tagged'
railties (5.1.5) lib/rails/rack/logger.rb:24:in `call'
actionpack (5.1.5) lib/action_dispatch/middleware/remote_ip.rb:79:in `call'
actionpack (5.1.5) lib/action_dispatch/middleware/request_id.rb:25:in `call'
rack (2.0.4) lib/rack/runtime.rb:22:in `call'
activesupport (5.1.5) lib/active_support/cache/strategy/local_cache_middleware.rb:27:in `call'
actionpack (5.1.5) lib/action_dispatch/middleware/executor.rb:12:in `call'
actionpack (5.1.5) lib/action_dispatch/middleware/static.rb:125:in `call'
rack (2.0.4) lib/rack/sendfile.rb:111:in `call'
rack-cors (1.0.2) lib/rack/cors.rb:97:in `call'
railties (5.1.5) lib/rails/engine.rb:522:in `call'
puma (3.11.3) lib/puma/configuration.rb:225:in `call'
puma (3.11.3) lib/puma/server.rb:624:in `handle_request'
puma (3.11.3) lib/puma/server.rb:438:in `process_client'
puma (3.11.3) lib/puma/server.rb:302:in `block in run'
puma (3.11.3) lib/puma/thread_pool.rb:120:in `block in spawn_thread'
  [1m[35m (0.2ms)[0m  [1m[34mSELECT pg_try_advisory_lock(1132334108769339420)[0m
  [1m[35m (0.9ms)[0m  [1m[34mSELECT "schema_migrations"."version" FROM "schema_migrations" ORDER BY "schema_migrations"."version" ASC[0m
Migrating to CreateTrips (20180326193854)
  [1m[35m (0.2ms)[0m  [1m[35mBEGIN[0m
  [1m[35m (6.1ms)[0m  [1m[35mCREATE TABLE "trips" ("id" bigserial primary key, "name" character varying, "user_id" integer, "created_at" timestamp NOT NULL, "updated_at" timestamp NOT NULL)[0m
  [1m[35mSQL (0.4ms)[0m  [1m[32mINSERT INTO "schema_migrations" ("version") VALUES ($1) RETURNING "version"[0m  [["version", "20180326193854"]]
  [1m[35m (0.5ms)[0m  [1m[35mCOMMIT[0m
Migrating to CreateEvents (20180326194019)
  [1m[35m (0.3ms)[0m  [1m[35mBEGIN[0m
  [1m[35m (4.1ms)[0m  [1m[35mCREATE TABLE "events" ("id" bigserial primary key, "name" character varying, "category" character varying, "trip_id" integer, "created_at" timestamp NOT NULL, "updated_at" timestamp NOT NULL)[0m
  [1m[35mSQL (0.3ms)[0m  [1m[32mINSERT INTO "schema_migrations" ("version") VALUES ($1) RETURNING "version"[0m  [["version", "20180326194019"]]
  [1m[35m (0.4ms)[0m  [1m[35mCOMMIT[0m
  [1m[36mActiveRecord::InternalMetadata Load (0.6ms)[0m  [1m[34mSELECT  "ar_internal_metadata".* FROM "ar_internal_metadata" WHERE "ar_internal_metadata"."key" = $1 LIMIT $2[0m  [["key", "environment"], ["LIMIT", 1]]
  [1m[35m (0.1ms)[0m  [1m[35mBEGIN[0m
  [1m[35m (0.1ms)[0m  [1m[35mCOMMIT[0m
  [1m[35m (0.2ms)[0m  [1m[34mSELECT pg_advisory_unlock(1132334108769339420)[0m
  [1m[35m (0.2ms)[0m  [1m[34mSELECT "schema_migrations"."version" FROM "schema_migrations" ORDER BY "schema_migrations"."version" ASC[0m
  [1m[35m (62.9ms)[0m  [1m[35mCREATE TABLE "schema_migrations" ("version" character varying NOT NULL PRIMARY KEY)[0m
  [1m[35m (29.6ms)[0m  [1m[35mCREATE TABLE "ar_internal_metadata" ("key" character varying NOT NULL PRIMARY KEY, "value" character varying, "created_at" timestamp NOT NULL, "updated_at" timestamp NOT NULL)[0m
  [1m[35m (1.5ms)[0m  [1m[34mSELECT pg_try_advisory_lock(1132334108769339420)[0m
  [1m[35m (2.1ms)[0m  [1m[34mSELECT "schema_migrations"."version" FROM "schema_migrations" ORDER BY "schema_migrations"."version" ASC[0m
Migrating to CreateUsers (20180326190152)
  [1m[35m (14.5ms)[0m  [1m[35mBEGIN[0m
  [1m[35m (31.1ms)[0m  [1m[35mCREATE TABLE "users" ("id" bigserial primary key, "name" character varying, "created_at" timestamp NOT NULL, "updated_at" timestamp NOT NULL)[0m
  [1m[35mSQL (4.3ms)[0m  [1m[32mINSERT INTO "schema_migrations" ("version") VALUES ($1) RETURNING "version"[0m  [["version", "20180326190152"]]
  [1m[35m (0.9ms)[0m  [1m[35mCOMMIT[0m
Migrating to CreateTrips (20180326193854)
  [1m[35m (11.6ms)[0m  [1m[35mBEGIN[0m
  [1m[35m (17.4ms)[0m  [1m[35mCREATE TABLE "trips" ("id" bigserial primary key, "name" character varying, "user_id" integer, "created_at" timestamp NOT NULL, "updated_at" timestamp NOT NULL)[0m
  [1m[35mSQL (0.7ms)[0m  [1m[32mINSERT INTO "schema_migrations" ("version") VALUES ($1) RETURNING "version"[0m  [["version", "20180326193854"]]
  [1m[35m (0.7ms)[0m  [1m[35mCOMMIT[0m
Migrating to CreateEvents (20180326194019)
  [1m[35m (6.7ms)[0m  [1m[35mBEGIN[0m
  [1m[35m (23.0ms)[0m  [1m[35mCREATE TABLE "events" ("id" bigserial primary key, "name" character varying, "category" character varying, "trip_id" integer, "created_at" timestamp NOT NULL, "updated_at" timestamp NOT NULL)[0m
  [1m[35mSQL (1.4ms)[0m  [1m[32mINSERT INTO "schema_migrations" ("version") VALUES ($1) RETURNING "version"[0m  [["version", "20180326194019"]]
  [1m[35m (0.7ms)[0m  [1m[35mCOMMIT[0m
Migrating to AddLocationToTripsTable (20180326203657)
  [1m[35m (0.4ms)[0m  [1m[35mBEGIN[0m
  [1m[35m (6.6ms)[0m  [1m[35mALTER TABLE "trips" ADD "city" character varying[0m
  [1m[35m (1.4ms)[0m  [1m[35mALTER TABLE "trips" ADD "state" character varying[0m
  [1m[35m (4.5ms)[0m  [1m[35mALTER TABLE "trips" ADD "country" character varying[0m
  [1m[35mSQL (1.1ms)[0m  [1m[32mINSERT INTO "schema_migrations" ("version") VALUES ($1) RETURNING "version"[0m  [["version", "20180326203657"]]
  [1m[35m (0.6ms)[0m  [1m[35mCOMMIT[0m
  [1m[36mActiveRecord::InternalMetadata Load (1.3ms)[0m  [1m[34mSELECT  "ar_internal_metadata".* FROM "ar_internal_metadata" WHERE "ar_internal_metadata"."key" = $1 LIMIT $2[0m  [["key", "environment"], ["LIMIT", 1]]
  [1m[35m (0.2ms)[0m  [1m[35mBEGIN[0m
  [1m[35mSQL (1.7ms)[0m  [1m[32mINSERT INTO "ar_internal_metadata" ("key", "value", "created_at", "updated_at") VALUES ($1, $2, $3, $4) RETURNING "key"[0m  [["key", "environment"], ["value", "development"], ["created_at", "2018-03-26 20:40:55.551640"], ["updated_at", "2018-03-26 20:40:55.551640"]]
  [1m[35m (0.4ms)[0m  [1m[35mCOMMIT[0m
  [1m[35m (0.3ms)[0m  [1m[34mSELECT pg_advisory_unlock(1132334108769339420)[0m
  [1m[35m (7.1ms)[0m  [1m[34mSELECT "schema_migrations"."version" FROM "schema_migrations" ORDER BY "schema_migrations"."version" ASC[0m
  [1m[35m (4.1ms)[0m  [1m[34mSELECT "schema_migrations"."version" FROM "schema_migrations" ORDER BY "schema_migrations"."version" ASC[0m
  [1m[35m (7.2ms)[0m  [1m[35mBEGIN[0m
  [1m[35mSQL (72.8ms)[0m  [1m[32mINSERT INTO "users" ("name", "created_at", "updated_at") VALUES ($1, $2, $3) RETURNING "id"[0m  [["name", "Rick"], ["created_at", "2018-03-26 20:41:16.875338"], ["updated_at", "2018-03-26 20:41:16.875338"]]
  [1m[35m (0.7ms)[0m  [1m[35mCOMMIT[0m
  [1m[35m (0.2ms)[0m  [1m[35mBEGIN[0m
  [1m[35mSQL (0.6ms)[0m  [1m[32mINSERT INTO "users" ("name", "created_at", "updated_at") VALUES ($1, $2, $3) RETURNING "id"[0m  [["name", "Scott"], ["created_at", "2018-03-26 20:41:16.951991"], ["updated_at", "2018-03-26 20:41:16.951991"]]
  [1m[35m (7.4ms)[0m  [1m[35mCOMMIT[0m
  [1m[35m (0.2ms)[0m  [1m[34mSELECT pg_try_advisory_lock(1132334108769339420)[0m
  [1m[35m (0.9ms)[0m  [1m[34mSELECT "schema_migrations"."version" FROM "schema_migrations" ORDER BY "schema_migrations"."version" ASC[0m
Migrating to AddLocationToTripsTable (20180326203657)
  [1m[35m (0.2ms)[0m  [1m[35mBEGIN[0m
  [1m[35m (7.1ms)[0m  [1m[35mALTER TABLE "trips" ADD "city" character varying[0m
  [1m[35m (0.4ms)[0m  [1m[35mALTER TABLE "trips" ADD "state" character varying[0m
  [1m[35m (0.3ms)[0m  [1m[35mALTER TABLE "trips" ADD "country" character varying[0m
  [1m[35mSQL (0.5ms)[0m  [1m[32mINSERT INTO "schema_migrations" ("version") VALUES ($1) RETURNING "version"[0m  [["version", "20180326203657"]]
  [1m[35m (0.5ms)[0m  [1m[35mCOMMIT[0m
  [1m[36mActiveRecord::InternalMetadata Load (0.5ms)[0m  [1m[34mSELECT  "ar_internal_metadata".* FROM "ar_internal_metadata" WHERE "ar_internal_metadata"."key" = $1 LIMIT $2[0m  [["key", "environment"], ["LIMIT", 1]]
  [1m[35m (0.1ms)[0m  [1m[35mBEGIN[0m
  [1m[35m (0.2ms)[0m  [1m[35mCOMMIT[0m
  [1m[35m (0.2ms)[0m  [1m[34mSELECT pg_advisory_unlock(1132334108769339420)[0m
  [1m[35m (0.3ms)[0m  [1m[34mSELECT "schema_migrations"."version" FROM "schema_migrations" ORDER BY "schema_migrations"."version" ASC[0m
  [1m[35m (0.9ms)[0m  [1m[34mSELECT "schema_migrations"."version" FROM "schema_migrations" ORDER BY "schema_migrations"."version" ASC[0m
  [1m[35m (0.2ms)[0m  [1m[35mBEGIN[0m
  [1m[35mSQL (1.0ms)[0m  [1m[32mINSERT INTO "users" ("name", "created_at", "updated_at") VALUES ($1, $2, $3) RETURNING "id"[0m  [["name", "Rick"], ["created_at", "2018-03-26 21:06:46.933768"], ["updated_at", "2018-03-26 21:06:46.933768"]]
  [1m[35m (2.2ms)[0m  [1m[35mCOMMIT[0m
  [1m[35m (0.2ms)[0m  [1m[35mBEGIN[0m
  [1m[35mSQL (0.4ms)[0m  [1m[32mINSERT INTO "users" ("name", "created_at", "updated_at") VALUES ($1, $2, $3) RETURNING "id"[0m  [["name", "Scott"], ["created_at", "2018-03-26 21:06:46.938776"], ["updated_at", "2018-03-26 21:06:46.938776"]]
  [1m[35m (0.3ms)[0m  [1m[35mCOMMIT[0m
  [1m[35m (0.2ms)[0m  [1m[35mBEGIN[0m
  [1m[35m (0.2ms)[0m  [1m[31mROLLBACK[0m
  [1m[36mTrip Load (0.7ms)[0m  [1m[34mSELECT  "trips".* FROM "trips" LIMIT $1[0m  [["LIMIT", 11]]
  [1m[35m (0.9ms)[0m  [1m[34mSELECT "schema_migrations"."version" FROM "schema_migrations" ORDER BY "schema_migrations"."version" ASC[0m
  [1m[35m (0.2ms)[0m  [1m[35mBEGIN[0m
  [1m[35mSQL (0.6ms)[0m  [1m[32mINSERT INTO "users" ("name", "created_at", "updated_at") VALUES ($1, $2, $3) RETURNING "id"[0m  [["name", "Rick"], ["created_at", "2018-03-26 21:08:14.715519"], ["updated_at", "2018-03-26 21:08:14.715519"]]
  [1m[35m (2.3ms)[0m  [1m[35mCOMMIT[0m
  [1m[35m (0.2ms)[0m  [1m[35mBEGIN[0m
  [1m[35mSQL (0.4ms)[0m  [1m[32mINSERT INTO "users" ("name", "created_at", "updated_at") VALUES ($1, $2, $3) RETURNING "id"[0m  [["name", "Scott"], ["created_at", "2018-03-26 21:08:14.720182"], ["updated_at", "2018-03-26 21:08:14.720182"]]
  [1m[35m (0.3ms)[0m  [1m[35mCOMMIT[0m
  [1m[35m (0.1ms)[0m  [1m[35mBEGIN[0m
  [1m[36mUser Load (0.4ms)[0m  [1m[34mSELECT  "users".* FROM "users" WHERE "users"."id" = $1 LIMIT $2[0m  [["id", 1], ["LIMIT", 1]]
  [1m[35mSQL (0.9ms)[0m  [1m[32mINSERT INTO "trips" ("name", "user_id", "created_at", "updated_at", "city", "state", "country") VALUES ($1, $2, $3, $4, $5, $6, $7) RETURNING "id"[0m  [["name", "My New York Trip"], ["user_id", 1], ["created_at", "2018-03-26 21:08:14.747446"], ["updated_at", "2018-03-26 21:08:14.747446"], ["city", "New York"], ["state", "New York"], ["country", "USA"]]
  [1m[35m (11.8ms)[0m  [1m[35mCOMMIT[0m
  [1m[36mTrip Load (0.5ms)[0m  [1m[34mSELECT  "trips".* FROM "trips" LIMIT $1[0m  [["LIMIT", 11]]
  [1m[35m (0.7ms)[0m  [1m[34mSELECT "schema_migrations"."version" FROM "schema_migrations" ORDER BY "schema_migrations"."version" ASC[0m
  [1m[35m (0.3ms)[0m  [1m[34mSELECT "ar_internal_metadata"."value" FROM "ar_internal_metadata" WHERE "ar_internal_metadata"."key" = $1[0m  [["key", "environment"]]
  [1m[35m (0.2ms)[0m  [1m[34mSELECT "schema_migrations"."version" FROM "schema_migrations" ORDER BY "schema_migrations"."version" ASC[0m
  [1m[35m (0.2ms)[0m  [1m[34mSELECT "ar_internal_metadata"."value" FROM "ar_internal_metadata" WHERE "ar_internal_metadata"."key" = $1[0m  [["key", "environment"]]
  [1m[35m (0.2ms)[0m  [1m[34mSELECT "schema_migrations"."version" FROM "schema_migrations" ORDER BY "schema_migrations"."version" ASC[0m
  [1m[35m (0.2ms)[0m  [1m[34mSELECT "ar_internal_metadata"."value" FROM "ar_internal_metadata" WHERE "ar_internal_metadata"."key" = $1[0m  [["key", "environment"]]
  [1m[35m (8650.8ms)[0m  [1m[35mDROP DATABASE IF EXISTS "Traveler_development"[0m
  [1m[35m (0.7ms)[0m  [1m[34mSELECT "schema_migrations"."version" FROM "schema_migrations" ORDER BY "schema_migrations"."version" ASC[0m
  [1m[35m (0.3ms)[0m  [1m[34mSELECT "ar_internal_metadata"."value" FROM "ar_internal_metadata" WHERE "ar_internal_metadata"."key" = $1[0m  [["key", "environment"]]
  [1m[35m (0.2ms)[0m  [1m[34mSELECT "schema_migrations"."version" FROM "schema_migrations" ORDER BY "schema_migrations"."version" ASC[0m
  [1m[35m (0.2ms)[0m  [1m[34mSELECT "ar_internal_metadata"."value" FROM "ar_internal_metadata" WHERE "ar_internal_metadata"."key" = $1[0m  [["key", "environment"]]
  [1m[35m (0.2ms)[0m  [1m[34mSELECT "schema_migrations"."version" FROM "schema_migrations" ORDER BY "schema_migrations"."version" ASC[0m
  [1m[35m (0.2ms)[0m  [1m[34mSELECT "ar_internal_metadata"."value" FROM "ar_internal_metadata" WHERE "ar_internal_metadata"."key" = $1[0m  [["key", "environment"]]
  [1m[35m (216.1ms)[0m  [1m[35mDROP DATABASE IF EXISTS "Traveler_development"[0m
  [1m[35m (216.5ms)[0m  [1m[35mDROP DATABASE IF EXISTS "Traveler_test"[0m
  [1m[35m (5.5ms)[0m  [1m[35mCREATE TABLE "schema_migrations" ("version" character varying NOT NULL PRIMARY KEY)[0m
  [1m[35m (3.9ms)[0m  [1m[35mCREATE TABLE "ar_internal_metadata" ("key" character varying NOT NULL PRIMARY KEY, "value" character varying, "created_at" timestamp NOT NULL, "updated_at" timestamp NOT NULL)[0m
  [1m[35m (0.2ms)[0m  [1m[34mSELECT pg_try_advisory_lock(1132334108769339420)[0m
  [1m[35m (0.7ms)[0m  [1m[34mSELECT "schema_migrations"."version" FROM "schema_migrations" ORDER BY "schema_migrations"."version" ASC[0m
Migrating to CreateUsers (20180326190152)
  [1m[35m (0.2ms)[0m  [1m[35mBEGIN[0m
  [1m[35m (4.6ms)[0m  [1m[35mCREATE TABLE "users" ("id" bigserial primary key, "name" character varying, "created_at" timestamp NOT NULL, "updated_at" timestamp NOT NULL)[0m
  [1m[35mSQL (0.6ms)[0m  [1m[32mINSERT INTO "schema_migrations" ("version") VALUES ($1) RETURNING "version"[0m  [["version", "20180326190152"]]
  [1m[35m (0.4ms)[0m  [1m[35mCOMMIT[0m
Migrating to CreateTrips (20180326193854)
  [1m[35m (0.3ms)[0m  [1m[35mBEGIN[0m
  [1m[35m (3.9ms)[0m  [1m[35mCREATE TABLE "trips" ("id" bigserial primary key, "name" character varying, "user_id" integer DEFAULT 1, "created_at" timestamp NOT NULL, "updated_at" timestamp NOT NULL)[0m
  [1m[35mSQL (0.3ms)[0m  [1m[32mINSERT INTO "schema_migrations" ("version") VALUES ($1) RETURNING "version"[0m  [["version", "20180326193854"]]
  [1m[35m (0.3ms)[0m  [1m[35mCOMMIT[0m
Migrating to CreateEvents (20180326194019)
  [1m[35m (0.2ms)[0m  [1m[35mBEGIN[0m
  [1m[35m (4.4ms)[0m  [1m[35mCREATE TABLE "events" ("id" bigserial primary key, "name" character varying, "category" character varying, "trip_id" integer, "created_at" timestamp NOT NULL, "updated_at" timestamp NOT NULL)[0m
  [1m[35mSQL (0.7ms)[0m  [1m[32mINSERT INTO "schema_migrations" ("version") VALUES ($1) RETURNING "version"[0m  [["version", "20180326194019"]]
  [1m[35m (0.4ms)[0m  [1m[35mCOMMIT[0m
Migrating to AddLocationToTripsTable (20180326203657)
  [1m[35m (0.3ms)[0m  [1m[35mBEGIN[0m
  [1m[35m (0.9ms)[0m  [1m[35mALTER TABLE "trips" ADD "city" character varying[0m
  [1m[35m (0.6ms)[0m  [1m[35mALTER TABLE "trips" ADD "state" character varying[0m
  [1m[35m (0.5ms)[0m  [1m[35mALTER TABLE "trips" ADD "country" character varying[0m
  [1m[35mSQL (0.4ms)[0m  [1m[32mINSERT INTO "schema_migrations" ("version") VALUES ($1) RETURNING "version"[0m  [["version", "20180326203657"]]
  [1m[35m (0.4ms)[0m  [1m[35mCOMMIT[0m
  [1m[36mActiveRecord::InternalMetadata Load (0.5ms)[0m  [1m[34mSELECT  "ar_internal_metadata".* FROM "ar_internal_metadata" WHERE "ar_internal_metadata"."key" = $1 LIMIT $2[0m  [["key", "environment"], ["LIMIT", 1]]
  [1m[35m (0.2ms)[0m  [1m[35mBEGIN[0m
  [1m[35mSQL (0.4ms)[0m  [1m[32mINSERT INTO "ar_internal_metadata" ("key", "value", "created_at", "updated_at") VALUES ($1, $2, $3, $4) RETURNING "key"[0m  [["key", "environment"], ["value", "development"], ["created_at", "2018-03-26 21:18:27.581998"], ["updated_at", "2018-03-26 21:18:27.581998"]]
  [1m[35m (0.4ms)[0m  [1m[35mCOMMIT[0m
  [1m[35m (0.2ms)[0m  [1m[34mSELECT pg_advisory_unlock(1132334108769339420)[0m
  [1m[35m (0.3ms)[0m  [1m[34mSELECT "schema_migrations"."version" FROM "schema_migrations" ORDER BY "schema_migrations"."version" ASC[0m
  [1m[35m (0.7ms)[0m  [1m[34mSELECT "schema_migrations"."version" FROM "schema_migrations" ORDER BY "schema_migrations"."version" ASC[0m
  [1m[35m (0.2ms)[0m  [1m[35mBEGIN[0m
  [1m[35mSQL (1.0ms)[0m  [1m[32mINSERT INTO "users" ("name", "created_at", "updated_at") VALUES ($1, $2, $3) RETURNING "id"[0m  [["name", "Rick"], ["created_at", "2018-03-26 21:18:33.923602"], ["updated_at", "2018-03-26 21:18:33.923602"]]
  [1m[35m (2.1ms)[0m  [1m[35mCOMMIT[0m
  [1m[35m (0.1ms)[0m  [1m[35mBEGIN[0m
  [1m[35mSQL (0.5ms)[0m  [1m[32mINSERT INTO "users" ("name", "created_at", "updated_at") VALUES ($1, $2, $3) RETURNING "id"[0m  [["name", "Scott"], ["created_at", "2018-03-26 21:18:33.928542"], ["updated_at", "2018-03-26 21:18:33.928542"]]
  [1m[35m (0.3ms)[0m  [1m[35mCOMMIT[0m
  [1m[35m (0.2ms)[0m  [1m[35mBEGIN[0m
  [1m[36mUser Load (0.4ms)[0m  [1m[34mSELECT  "users".* FROM "users" WHERE "users"."id" = $1 LIMIT $2[0m  [["id", 1], ["LIMIT", 1]]
  [1m[35mSQL (0.7ms)[0m  [1m[32mINSERT INTO "trips" ("name", "created_at", "updated_at", "city", "state", "country") VALUES ($1, $2, $3, $4, $5, $6) RETURNING "id"[0m  [["name", "My New York Trip"], ["created_at", "2018-03-26 21:18:33.957087"], ["updated_at", "2018-03-26 21:18:33.957087"], ["city", "New York"], ["state", "New York"], ["country", "USA"]]
  [1m[35m (0.4ms)[0m  [1m[35mCOMMIT[0m
Started GET "/api/v1/trips" for 127.0.0.1 at 2018-03-26 17:18:49 -0400
  [1m[35m (0.9ms)[0m  [1m[34mSELECT "schema_migrations"."version" FROM "schema_migrations" ORDER BY "schema_migrations"."version" ASC[0m
Processing by Api::V1::TripsController#index as HTML
  [1m[36mTrip Load (0.7ms)[0m  [1m[34mSELECT "trips".* FROM "trips"[0m
No serializer found for resource: #<Trip id: 1, name: "My New York Trip", user_id: 1, created_at: "2018-03-26 21:18:33", updated_at: "2018-03-26 21:18:33", city: "New York", state: "New York", country: "USA">
[active_model_serializers] Rendered ActiveModel::Serializer::CollectionSerializer with Trip::ActiveRecord_Relation (0.32ms)
Completed 200 OK in 31ms (Views: 16.8ms | ActiveRecord: 7.3ms)


Started GET "/" for 127.0.0.1 at 2018-03-26 17:19:56 -0400
Processing by Rails::WelcomeController#index as HTML
  Rendering /Users/ricknilon/.rvm/gems/ruby-2.3.3/gems/railties-5.1.5/lib/rails/templates/rails/welcome/index.html.erb
  Rendered /Users/ricknilon/.rvm/gems/ruby-2.3.3/gems/railties-5.1.5/lib/rails/templates/rails/welcome/index.html.erb (3.1ms)
Completed 200 OK in 10ms (Views: 8.0ms | ActiveRecord: 0.0ms)


Started GET "/api/v1/trips" for 127.0.0.1 at 2018-03-26 17:20:03 -0400
Processing by Api::V1::TripsController#index as HTML
  [1m[36mTrip Load (0.8ms)[0m  [1m[34mSELECT "trips".* FROM "trips"[0m
No serializer found for resource: #<Trip id: 1, name: "My New York Trip", user_id: 1, created_at: "2018-03-26 21:18:33", updated_at: "2018-03-26 21:18:33", city: "New York", state: "New York", country: "USA">
[active_model_serializers] Rendered ActiveModel::Serializer::CollectionSerializer with Trip::ActiveRecord_Relation (0.23ms)
Completed 200 OK in 16ms (Views: 7.3ms | ActiveRecord: 8.2ms)


Started POST "/api/v1/trips" for 127.0.0.1 at 2018-03-26 17:24:04 -0400
Processing by Api::V1::TripsController#create as */*
  Parameters: {"city"=>"my citys a", "state"=>"sucker your citys a", "country"=>"my citys a", "trip"=>{"city"=>"my citys a", "state"=>"sucker your citys a", "country"=>"my citys a"}}
  [1m[35m (0.2ms)[0m  [1m[35mBEGIN[0m
  [1m[36mUser Load (0.5ms)[0m  [1m[34mSELECT  "users".* FROM "users" WHERE "users"."id" = $1 LIMIT $2[0m  [["id", 1], ["LIMIT", 1]]
  [1m[35mSQL (0.7ms)[0m  [1m[32mINSERT INTO "trips" ("created_at", "updated_at", "city", "state", "country") VALUES ($1, $2, $3, $4, $5) RETURNING "id"[0m  [["created_at", "2018-03-26 21:24:04.991807"], ["updated_at", "2018-03-26 21:24:04.991807"], ["city", "my citys a"], ["state", "sucker your citys a"], ["country", "my citys a"]]
  [1m[35m (0.5ms)[0m  [1m[35mCOMMIT[0m
Completed 204 No Content in 25ms (ActiveRecord: 6.6ms)


Started POST "/api/v1/trips" for 127.0.0.1 at 2018-03-26 17:24:06 -0400
Processing by Api::V1::TripsController#create as */*
  Parameters: {"city"=>"my citys a", "state"=>"sucker your citys a", "country"=>"my citys a", "trip"=>{"city"=>"my citys a", "state"=>"sucker your citys a", "country"=>"my citys a"}}
  [1m[35m (0.2ms)[0m  [1m[35mBEGIN[0m
  [1m[36mUser Load (0.5ms)[0m  [1m[34mSELECT  "users".* FROM "users" WHERE "users"."id" = $1 LIMIT $2[0m  [["id", 1], ["LIMIT", 1]]
  [1m[35mSQL (0.7ms)[0m  [1m[32mINSERT INTO "trips" ("created_at", "updated_at", "city", "state", "country") VALUES ($1, $2, $3, $4, $5) RETURNING "id"[0m  [["created_at", "2018-03-26 21:24:06.595931"], ["updated_at", "2018-03-26 21:24:06.595931"], ["city", "my citys a"], ["state", "sucker your citys a"], ["country", "my citys a"]]
  [1m[35m (2.2ms)[0m  [1m[35mCOMMIT[0m
Completed 204 No Content in 8ms (ActiveRecord: 3.7ms)


  [1m[36mTrip Load (0.5ms)[0m  [1m[34mSELECT  "trips".* FROM "trips" LIMIT $1[0m  [["LIMIT", 11]]
Started GET "/api/v1/trips" for 127.0.0.1 at 2018-03-26 17:24:27 -0400
Processing by Api::V1::TripsController#index as HTML
  [1m[36mTrip Load (0.3ms)[0m  [1m[34mSELECT "trips".* FROM "trips"[0m
No serializer found for resource: #<Trip id: 1, name: "My New York Trip", user_id: 1, created_at: "2018-03-26 21:18:33", updated_at: "2018-03-26 21:18:33", city: "New York", state: "New York", country: "USA">
[active_model_serializers] Rendered ActiveModel::Serializer::CollectionSerializer with Trip::ActiveRecord_Relation (0.55ms)
Completed 200 OK in 3ms (Views: 2.0ms | ActiveRecord: 0.3ms)


Started POST "/api/v1/trips" for 127.0.0.1 at 2018-03-26 17:25:23 -0400
Processing by Api::V1::TripsController#create as */*
  Parameters: {"city"=>"Tokyo", "state"=>"", "country"=>"Tokyo", "trip"=>{"city"=>"Tokyo", "state"=>"", "country"=>"Tokyo"}}
  [1m[35m (0.1ms)[0m  [1m[35mBEGIN[0m
  [1m[36mUser Load (0.3ms)[0m  [1m[34mSELECT  "users".* FROM "users" WHERE "users"."id" = $1 LIMIT $2[0m  [["id", 1], ["LIMIT", 1]]
  [1m[35mSQL (0.4ms)[0m  [1m[32mINSERT INTO "trips" ("created_at", "updated_at", "city", "state", "country") VALUES ($1, $2, $3, $4, $5) RETURNING "id"[0m  [["created_at", "2018-03-26 21:25:23.522466"], ["updated_at", "2018-03-26 21:25:23.522466"], ["city", "Tokyo"], ["state", ""], ["country", "Tokyo"]]
  [1m[35m (5.9ms)[0m  [1m[35mCOMMIT[0m
Completed 204 No Content in 10ms (ActiveRecord: 6.7ms)


Started POST "/api/v1/trips" for 127.0.0.1 at 2018-03-26 17:25:55 -0400
Processing by Api::V1::TripsController#create as */*
  Parameters: {"city"=>"Tokyo", "state"=>"NY", "country"=>"Tokyo", "trip"=>{"city"=>"Tokyo", "state"=>"NY", "country"=>"Tokyo"}}
  [1m[35m (0.1ms)[0m  [1m[35mBEGIN[0m
  [1m[36mUser Load (0.3ms)[0m  [1m[34mSELECT  "users".* FROM "users" WHERE "users"."id" = $1 LIMIT $2[0m  [["id", 1], ["LIMIT", 1]]
  [1m[35mSQL (0.3ms)[0m  [1m[32mINSERT INTO "trips" ("created_at", "updated_at", "city", "state", "country") VALUES ($1, $2, $3, $4, $5) RETURNING "id"[0m  [["created_at", "2018-03-26 21:25:55.087449"], ["updated_at", "2018-03-26 21:25:55.087449"], ["city", "Tokyo"], ["state", "NY"], ["country", "Tokyo"]]
  [1m[35m (2.0ms)[0m  [1m[35mCOMMIT[0m
Completed 204 No Content in 6ms (ActiveRecord: 2.8ms)


Started GET "/api/v1/trips" for 127.0.0.1 at 2018-03-26 17:25:58 -0400
Processing by Api::V1::TripsController#index as HTML
  [1m[36mTrip Load (0.3ms)[0m  [1m[34mSELECT "trips".* FROM "trips"[0m
No serializer found for resource: #<Trip id: 1, name: "My New York Trip", user_id: 1, created_at: "2018-03-26 21:18:33", updated_at: "2018-03-26 21:18:33", city: "New York", state: "New York", country: "USA">
[active_model_serializers] Rendered ActiveModel::Serializer::CollectionSerializer with Trip::ActiveRecord_Relation (1.07ms)
Completed 200 OK in 3ms (Views: 2.6ms | ActiveRecord: 0.3ms)


Started POST "/api/v1/trips" for 127.0.0.1 at 2018-03-26 17:27:19 -0400
Processing by Api::V1::TripsController#create as */*
  Parameters: {"city"=>"dads", "state"=>"", "country"=>"dads", "trip"=>{"city"=>"dads", "state"=>"", "country"=>"dads"}}
  [1m[35m (0.1ms)[0m  [1m[35mBEGIN[0m
  [1m[36mUser Load (0.3ms)[0m  [1m[34mSELECT  "users".* FROM "users" WHERE "users"."id" = $1 LIMIT $2[0m  [["id", 1], ["LIMIT", 1]]
  [1m[35mSQL (0.3ms)[0m  [1m[32mINSERT INTO "trips" ("created_at", "updated_at", "city", "state", "country") VALUES ($1, $2, $3, $4, $5) RETURNING "id"[0m  [["created_at", "2018-03-26 21:27:19.427382"], ["updated_at", "2018-03-26 21:27:19.427382"], ["city", "dads"], ["state", ""], ["country", "dads"]]
  [1m[35m (5.6ms)[0m  [1m[35mCOMMIT[0m
Completed 204 No Content in 9ms (ActiveRecord: 6.4ms)


Started POST "/api/v1/trips" for 127.0.0.1 at 2018-03-26 17:27:29 -0400
Processing by Api::V1::TripsController#create as */*
  Parameters: {"city"=>"tokyo", "state"=>"japan", "country"=>"tokyo", "trip"=>{"city"=>"tokyo", "state"=>"japan", "country"=>"tokyo"}}
  [1m[35m (0.2ms)[0m  [1m[35mBEGIN[0m
  [1m[36mUser Load (0.3ms)[0m  [1m[34mSELECT  "users".* FROM "users" WHERE "users"."id" = $1 LIMIT $2[0m  [["id", 1], ["LIMIT", 1]]
  [1m[35mSQL (0.4ms)[0m  [1m[32mINSERT INTO "trips" ("created_at", "updated_at", "city", "state", "country") VALUES ($1, $2, $3, $4, $5) RETURNING "id"[0m  [["created_at", "2018-03-26 21:27:29.509273"], ["updated_at", "2018-03-26 21:27:29.509273"], ["city", "tokyo"], ["state", "japan"], ["country", "tokyo"]]
  [1m[35m (2.0ms)[0m  [1m[35mCOMMIT[0m
Completed 204 No Content in 6ms (ActiveRecord: 2.9ms)


Started GET "/api/v1/trips" for 127.0.0.1 at 2018-03-26 17:27:35 -0400
Processing by Api::V1::TripsController#index as HTML
  [1m[36mTrip Load (0.3ms)[0m  [1m[34mSELECT "trips".* FROM "trips"[0m
No serializer found for resource: #<Trip id: 1, name: "My New York Trip", user_id: 1, created_at: "2018-03-26 21:18:33", updated_at: "2018-03-26 21:18:33", city: "New York", state: "New York", country: "USA">
[active_model_serializers] Rendered ActiveModel::Serializer::CollectionSerializer with Trip::ActiveRecord_Relation (1.57ms)
Completed 200 OK in 4ms (Views: 3.1ms | ActiveRecord: 0.3ms)


Started GET "/api/v1/trips" for 127.0.0.1 at 2018-03-26 17:32:49 -0400
Processing by Api::V1::TripsController#index as */*
  [1m[36mTrip Load (0.3ms)[0m  [1m[34mSELECT "trips".* FROM "trips"[0m
No serializer found for resource: #<Trip id: 1, name: "My New York Trip", user_id: 1, created_at: "2018-03-26 21:18:33", updated_at: "2018-03-26 21:18:33", city: "New York", state: "New York", country: "USA">
[active_model_serializers] Rendered ActiveModel::Serializer::CollectionSerializer with Trip::ActiveRecord_Relation (1.94ms)
Completed 200 OK in 4ms (Views: 3.8ms | ActiveRecord: 0.3ms)


Started GET "/api/v1/trips" for 127.0.0.1 at 2018-03-26 17:34:41 -0400
Processing by Api::V1::TripsController#index as */*
  [1m[36mTrip Load (0.3ms)[0m  [1m[34mSELECT "trips".* FROM "trips"[0m
No serializer found for resource: #<Trip id: 1, name: "My New York Trip", user_id: 1, created_at: "2018-03-26 21:18:33", updated_at: "2018-03-26 21:18:33", city: "New York", state: "New York", country: "USA">
[active_model_serializers] Rendered ActiveModel::Serializer::CollectionSerializer with Trip::ActiveRecord_Relation (2.0ms)
Completed 200 OK in 4ms (Views: 3.4ms | ActiveRecord: 0.3ms)


  [1m[35m (0.9ms)[0m  [1m[34mSELECT "schema_migrations"."version" FROM "schema_migrations" ORDER BY "schema_migrations"."version" ASC[0m
  [1m[35m (0.3ms)[0m  [1m[34mSELECT "ar_internal_metadata"."value" FROM "ar_internal_metadata" WHERE "ar_internal_metadata"."key" = $1[0m  [["key", "environment"]]
  [1m[35m (0.2ms)[0m  [1m[34mSELECT "schema_migrations"."version" FROM "schema_migrations" ORDER BY "schema_migrations"."version" ASC[0m
  [1m[35m (0.2ms)[0m  [1m[34mSELECT "ar_internal_metadata"."value" FROM "ar_internal_metadata" WHERE "ar_internal_metadata"."key" = $1[0m  [["key", "environment"]]
  [1m[35m (0.2ms)[0m  [1m[34mSELECT "schema_migrations"."version" FROM "schema_migrations" ORDER BY "schema_migrations"."version" ASC[0m
  [1m[35m (0.2ms)[0m  [1m[34mSELECT "ar_internal_metadata"."value" FROM "ar_internal_metadata" WHERE "ar_internal_metadata"."key" = $1[0m  [["key", "environment"]]
  [1m[35m (6863.5ms)[0m  [1m[35mDROP DATABASE IF EXISTS "Traveler_development"[0m
  [1m[35m (215.9ms)[0m  [1m[35mDROP DATABASE IF EXISTS "Traveler_test"[0m
  [1m[35m (351.6ms)[0m  [1m[35mCREATE DATABASE "Traveler_development" ENCODING = 'unicode'[0m
  [1m[35m (437.1ms)[0m  [1m[35mCREATE DATABASE "Traveler_test" ENCODING = 'unicode'[0m
  [1m[35mSQL (0.9ms)[0m  [1m[35mCREATE EXTENSION IF NOT EXISTS "plpgsql"[0m
  [1m[35m (0.5ms)[0m  [1m[35mDROP TABLE IF EXISTS "events" CASCADE[0m
  [1m[35m (8.5ms)[0m  [1m[35mCREATE TABLE "events" ("id" bigserial primary key, "name" character varying, "category" character varying, "trip_id" integer, "created_at" timestamp NOT NULL, "updated_at" timestamp NOT NULL)[0m
  [1m[35m (0.3ms)[0m  [1m[35mDROP TABLE IF EXISTS "trips" CASCADE[0m
  [1m[35m (4.2ms)[0m  [1m[35mCREATE TABLE "trips" ("id" bigserial primary key, "name" character varying, "user_id" integer DEFAULT 1, "created_at" timestamp NOT NULL, "updated_at" timestamp NOT NULL, "city" character varying, "state" character varying, "country" character varying)[0m
  [1m[35m (0.3ms)[0m  [1m[35mDROP TABLE IF EXISTS "users" CASCADE[0m
  [1m[35m (4.7ms)[0m  [1m[35mCREATE TABLE "users" ("id" bigserial primary key, "name" character varying, "created_at" timestamp NOT NULL, "updated_at" timestamp NOT NULL)[0m
  [1m[35m (3.8ms)[0m  [1m[35mCREATE TABLE "schema_migrations" ("version" character varying NOT NULL PRIMARY KEY)[0m
  [1m[35m (0.7ms)[0m  [1m[34mSELECT "schema_migrations"."version" FROM "schema_migrations" ORDER BY "schema_migrations"."version" ASC[0m
  [1m[35m (0.6ms)[0m  [1m[32mINSERT INTO "schema_migrations" (version) VALUES (20180326203657)[0m
  [1m[35m (0.4ms)[0m  [1m[32mINSERT INTO "schema_migrations" (version) VALUES
(20180326190152),
(20180326193854),
(20180326194019);

[0m
  [1m[35m (2.8ms)[0m  [1m[35mCREATE TABLE "ar_internal_metadata" ("key" character varying NOT NULL PRIMARY KEY, "value" character varying, "created_at" timestamp NOT NULL, "updated_at" timestamp NOT NULL)[0m
  [1m[36mActiveRecord::InternalMetadata Load (0.5ms)[0m  [1m[34mSELECT  "ar_internal_metadata".* FROM "ar_internal_metadata" WHERE "ar_internal_metadata"."key" = $1 LIMIT $2[0m  [["key", "environment"], ["LIMIT", 1]]
  [1m[35m (0.2ms)[0m  [1m[35mBEGIN[0m
  [1m[35mSQL (0.5ms)[0m  [1m[32mINSERT INTO "ar_internal_metadata" ("key", "value", "created_at", "updated_at") VALUES ($1, $2, $3, $4) RETURNING "key"[0m  [["key", "environment"], ["value", "development"], ["created_at", "2018-03-26 21:35:56.633531"], ["updated_at", "2018-03-26 21:35:56.633531"]]
  [1m[35m (0.3ms)[0m  [1m[35mCOMMIT[0m
  [1m[36mActiveRecord::InternalMetadata Load (0.3ms)[0m  [1m[34mSELECT  "ar_internal_metadata".* FROM "ar_internal_metadata" WHERE "ar_internal_metadata"."key" = $1 LIMIT $2[0m  [["key", "environment"], ["LIMIT", 1]]
  [1m[35m (0.2ms)[0m  [1m[35mBEGIN[0m
  [1m[35m (0.1ms)[0m  [1m[35mCOMMIT[0m
  [1m[35mSQL (0.3ms)[0m  [1m[35mCREATE EXTENSION IF NOT EXISTS "plpgsql"[0m
  [1m[35m (0.2ms)[0m  [1m[35mDROP TABLE IF EXISTS "events" CASCADE[0m
  [1m[35m (7.9ms)[0m  [1m[35mCREATE TABLE "events" ("id" bigserial primary key, "name" character varying, "category" character varying, "trip_id" integer, "created_at" timestamp NOT NULL, "updated_at" timestamp NOT NULL)[0m
  [1m[35m (0.3ms)[0m  [1m[35mDROP TABLE IF EXISTS "trips" CASCADE[0m
  [1m[35m (5.1ms)[0m  [1m[35mCREATE TABLE "trips" ("id" bigserial primary key, "name" character varying, "user_id" integer DEFAULT 1, "created_at" timestamp NOT NULL, "updated_at" timestamp NOT NULL, "city" character varying, "state" character varying, "country" character varying)[0m
  [1m[35m (0.3ms)[0m  [1m[35mDROP TABLE IF EXISTS "users" CASCADE[0m
  [1m[35m (4.1ms)[0m  [1m[35mCREATE TABLE "users" ("id" bigserial primary key, "name" character varying, "created_at" timestamp NOT NULL, "updated_at" timestamp NOT NULL)[0m
  [1m[35m (4.2ms)[0m  [1m[35mCREATE TABLE "schema_migrations" ("version" character varying NOT NULL PRIMARY KEY)[0m
  [1m[35m (0.8ms)[0m  [1m[34mSELECT "schema_migrations"."version" FROM "schema_migrations" ORDER BY "schema_migrations"."version" ASC[0m
  [1m[35m (0.7ms)[0m  [1m[32mINSERT INTO "schema_migrations" (version) VALUES (20180326203657)[0m
  [1m[35m (0.6ms)[0m  [1m[32mINSERT INTO "schema_migrations" (version) VALUES
(20180326190152),
(20180326193854),
(20180326194019);

[0m
  [1m[35m (4.4ms)[0m  [1m[35mCREATE TABLE "ar_internal_metadata" ("key" character varying NOT NULL PRIMARY KEY, "value" character varying, "created_at" timestamp NOT NULL, "updated_at" timestamp NOT NULL)[0m
  [1m[36mActiveRecord::InternalMetadata Load (0.7ms)[0m  [1m[34mSELECT  "ar_internal_metadata".* FROM "ar_internal_metadata" WHERE "ar_internal_metadata"."key" = $1 LIMIT $2[0m  [["key", "environment"], ["LIMIT", 1]]
  [1m[35m (0.2ms)[0m  [1m[35mBEGIN[0m
  [1m[35mSQL (0.8ms)[0m  [1m[32mINSERT INTO "ar_internal_metadata" ("key", "value", "created_at", "updated_at") VALUES ($1, $2, $3, $4) RETURNING "key"[0m  [["key", "environment"], ["value", "development"], ["created_at", "2018-03-26 21:35:56.711395"], ["updated_at", "2018-03-26 21:35:56.711395"]]
  [1m[35m (0.4ms)[0m  [1m[35mCOMMIT[0m
  [1m[36mActiveRecord::InternalMetadata Load (0.4ms)[0m  [1m[34mSELECT  "ar_internal_metadata".* FROM "ar_internal_metadata" WHERE "ar_internal_metadata"."key" = $1 LIMIT $2[0m  [["key", "environment"], ["LIMIT", 1]]
  [1m[35m (0.1ms)[0m  [1m[35mBEGIN[0m
  [1m[35mSQL (0.6ms)[0m  [1m[33mUPDATE "ar_internal_metadata" SET "value" = $1, "updated_at" = $2 WHERE "ar_internal_metadata"."key" = $3[0m  [["value", "test"], ["updated_at", "2018-03-26 21:35:56.715997"], ["key", "environment"]]
  [1m[35m (0.3ms)[0m  [1m[35mCOMMIT[0m
  [1m[35m (1.2ms)[0m  [1m[34mSELECT "schema_migrations"."version" FROM "schema_migrations" ORDER BY "schema_migrations"."version" ASC[0m
  [1m[35m (0.2ms)[0m  [1m[35mBEGIN[0m
  [1m[35mSQL (1.0ms)[0m  [1m[32mINSERT INTO "users" ("name", "created_at", "updated_at") VALUES ($1, $2, $3) RETURNING "id"[0m  [["name", "Rick"], ["created_at", "2018-03-26 21:35:56.759012"], ["updated_at", "2018-03-26 21:35:56.759012"]]
  [1m[35m (0.5ms)[0m  [1m[35mCOMMIT[0m
  [1m[35m (0.2ms)[0m  [1m[35mBEGIN[0m
  [1m[35mSQL (0.4ms)[0m  [1m[32mINSERT INTO "users" ("name", "created_at", "updated_at") VALUES ($1, $2, $3) RETURNING "id"[0m  [["name", "Scott"], ["created_at", "2018-03-26 21:35:56.762371"], ["updated_at", "2018-03-26 21:35:56.762371"]]
  [1m[35m (0.4ms)[0m  [1m[35mCOMMIT[0m
  [1m[35m (0.2ms)[0m  [1m[35mBEGIN[0m
  [1m[36mUser Load (0.3ms)[0m  [1m[34mSELECT  "users".* FROM "users" WHERE "users"."id" = $1 LIMIT $2[0m  [["id", 1], ["LIMIT", 1]]
  [1m[35mSQL (0.8ms)[0m  [1m[32mINSERT INTO "trips" ("name", "created_at", "updated_at", "city", "state", "country") VALUES ($1, $2, $3, $4, $5, $6) RETURNING "id"[0m  [["name", "My New York Trip"], ["created_at", "2018-03-26 21:35:56.788132"], ["updated_at", "2018-03-26 21:35:56.788132"], ["city", "New York"], ["state", "New York"], ["country", "USA"]]
  [1m[35m (0.4ms)[0m  [1m[35mCOMMIT[0m
Started GET "/api/v1/trips" for 127.0.0.1 at 2018-03-26 17:36:22 -0400
  [1m[35m (0.9ms)[0m  [1m[34mSELECT "schema_migrations"."version" FROM "schema_migrations" ORDER BY "schema_migrations"."version" ASC[0m
Processing by Api::V1::TripsController#index as HTML
  [1m[36mTrip Load (0.7ms)[0m  [1m[34mSELECT "trips".* FROM "trips"[0m
No serializer found for resource: #<Trip id: 1, name: "My New York Trip", user_id: 1, created_at: "2018-03-26 21:35:56", updated_at: "2018-03-26 21:35:56", city: "New York", state: "New York", country: "USA">
[active_model_serializers] Rendered ActiveModel::Serializer::CollectionSerializer with Trip::ActiveRecord_Relation (0.38ms)
Completed 200 OK in 37ms (Views: 21.5ms | ActiveRecord: 7.3ms)


  [1m[35m (0.9ms)[0m  [1m[34mSELECT "schema_migrations"."version" FROM "schema_migrations" ORDER BY "schema_migrations"."version" ASC[0m
  [1m[35m (0.2ms)[0m  [1m[35mBEGIN[0m
  [1m[35mSQL (0.6ms)[0m  [1m[32mINSERT INTO "users" ("name", "created_at", "updated_at") VALUES ($1, $2, $3) RETURNING "id"[0m  [["name", "Rick"], ["created_at", "2018-03-26 21:37:47.481233"], ["updated_at", "2018-03-26 21:37:47.481233"]]
  [1m[35m (2.2ms)[0m  [1m[35mCOMMIT[0m
  [1m[35m (0.1ms)[0m  [1m[35mBEGIN[0m
  [1m[35mSQL (0.3ms)[0m  [1m[32mINSERT INTO "users" ("name", "created_at", "updated_at") VALUES ($1, $2, $3) RETURNING "id"[0m  [["name", "Scott"], ["created_at", "2018-03-26 21:37:47.485836"], ["updated_at", "2018-03-26 21:37:47.485836"]]
  [1m[35m (0.3ms)[0m  [1m[35mCOMMIT[0m
  [1m[35m (0.2ms)[0m  [1m[35mBEGIN[0m
  [1m[36mUser Load (0.4ms)[0m  [1m[34mSELECT  "users".* FROM "users" WHERE "users"."id" = $1 LIMIT $2[0m  [["id", 1], ["LIMIT", 1]]
  [1m[35mSQL (0.5ms)[0m  [1m[32mINSERT INTO "trips" ("name", "created_at", "updated_at", "city", "state", "country") VALUES ($1, $2, $3, $4, $5, $6) RETURNING "id"[0m  [["name", "My New York Trip"], ["created_at", "2018-03-26 21:37:47.514275"], ["updated_at", "2018-03-26 21:37:47.514275"], ["city", "New York"], ["state", "New York"], ["country", "USA"]]
  [1m[35m (0.4ms)[0m  [1m[35mCOMMIT[0m
  [1m[35m (0.1ms)[0m  [1m[35mBEGIN[0m
  [1m[36mUser Load (0.2ms)[0m  [1m[34mSELECT  "users".* FROM "users" WHERE "users"."id" = $1 LIMIT $2[0m  [["id", 1], ["LIMIT", 1]]
  [1m[35mSQL (0.3ms)[0m  [1m[32mINSERT INTO "trips" ("name", "created_at", "updated_at", "city", "state", "country") VALUES ($1, $2, $3, $4, $5, $6) RETURNING "id"[0m  [["name", "Japan '16'"], ["created_at", "2018-03-26 21:37:47.517884"], ["updated_at", "2018-03-26 21:37:47.517884"], ["city", "Tokyo"], ["state", ""], ["country", "Japan"]]
  [1m[35m (0.3ms)[0m  [1m[35mCOMMIT[0m
Started GET "/api/v1/trips" for 127.0.0.1 at 2018-03-26 17:37:48 -0400
Processing by Api::V1::TripsController#index as HTML
  [1m[36mTrip Load (0.6ms)[0m  [1m[34mSELECT "trips".* FROM "trips"[0m
No serializer found for resource: #<Trip id: 1, name: "My New York Trip", user_id: 1, created_at: "2018-03-26 21:35:56", updated_at: "2018-03-26 21:35:56", city: "New York", state: "New York", country: "USA">
[active_model_serializers] Rendered ActiveModel::Serializer::CollectionSerializer with Trip::ActiveRecord_Relation (0.68ms)
Completed 200 OK in 17ms (Views: 8.7ms | ActiveRecord: 8.2ms)


Started GET "/api/v1/trips" for 127.0.0.1 at 2018-03-26 17:37:53 -0400
Processing by Api::V1::TripsController#index as */*
  [1m[36mTrip Load (0.4ms)[0m  [1m[34mSELECT "trips".* FROM "trips"[0m
No serializer found for resource: #<Trip id: 1, name: "My New York Trip", user_id: 1, created_at: "2018-03-26 21:35:56", updated_at: "2018-03-26 21:35:56", city: "New York", state: "New York", country: "USA">
[active_model_serializers] Rendered ActiveModel::Serializer::CollectionSerializer with Trip::ActiveRecord_Relation (0.73ms)
Completed 200 OK in 3ms (Views: 2.5ms | ActiveRecord: 0.4ms)


Started GET "/api/v1/trips" for 127.0.0.1 at 2018-03-26 17:40:40 -0400
Processing by Api::V1::TripsController#index as */*
  [1m[36mTrip Load (0.4ms)[0m  [1m[34mSELECT "trips".* FROM "trips"[0m
No serializer found for resource: #<Trip id: 1, name: "My New York Trip", user_id: 1, created_at: "2018-03-26 21:35:56", updated_at: "2018-03-26 21:35:56", city: "New York", state: "New York", country: "USA">
[active_model_serializers] Rendered ActiveModel::Serializer::CollectionSerializer with Trip::ActiveRecord_Relation (0.78ms)
Completed 200 OK in 3ms (Views: 2.1ms | ActiveRecord: 0.4ms)


Started GET "/api/v1/trips" for 127.0.0.1 at 2018-03-26 17:40:41 -0400
Processing by Api::V1::TripsController#index as */*
  [1m[36mTrip Load (0.6ms)[0m  [1m[34mSELECT "trips".* FROM "trips"[0m
No serializer found for resource: #<Trip id: 1, name: "My New York Trip", user_id: 1, created_at: "2018-03-26 21:35:56", updated_at: "2018-03-26 21:35:56", city: "New York", state: "New York", country: "USA">
[active_model_serializers] Rendered ActiveModel::Serializer::CollectionSerializer with Trip::ActiveRecord_Relation (0.96ms)
Completed 200 OK in 4ms (Views: 2.9ms | ActiveRecord: 0.6ms)


Started GET "/api/v1/trips" for 127.0.0.1 at 2018-03-26 17:41:13 -0400
Processing by Api::V1::TripsController#index as */*
  [1m[36mTrip Load (0.4ms)[0m  [1m[34mSELECT "trips".* FROM "trips"[0m
No serializer found for resource: #<Trip id: 1, name: "My New York Trip", user_id: 1, created_at: "2018-03-26 21:35:56", updated_at: "2018-03-26 21:35:56", city: "New York", state: "New York", country: "USA">
[active_model_serializers] Rendered ActiveModel::Serializer::CollectionSerializer with Trip::ActiveRecord_Relation (1.1ms)
Completed 200 OK in 3ms (Views: 2.7ms | ActiveRecord: 0.4ms)


Started GET "/api/v1/trips" for 127.0.0.1 at 2018-03-26 17:41:27 -0400
Processing by Api::V1::TripsController#index as */*
  [1m[36mTrip Load (0.4ms)[0m  [1m[34mSELECT "trips".* FROM "trips"[0m
No serializer found for resource: #<Trip id: 1, name: "My New York Trip", user_id: 1, created_at: "2018-03-26 21:35:56", updated_at: "2018-03-26 21:35:56", city: "New York", state: "New York", country: "USA">
[active_model_serializers] Rendered ActiveModel::Serializer::CollectionSerializer with Trip::ActiveRecord_Relation (0.8ms)
Completed 200 OK in 3ms (Views: 2.4ms | ActiveRecord: 0.4ms)


Started GET "/api/v1/trips" for 127.0.0.1 at 2018-03-26 17:41:28 -0400
Processing by Api::V1::TripsController#index as */*
  [1m[36mTrip Load (0.3ms)[0m  [1m[34mSELECT "trips".* FROM "trips"[0m
No serializer found for resource: #<Trip id: 1, name: "My New York Trip", user_id: 1, created_at: "2018-03-26 21:35:56", updated_at: "2018-03-26 21:35:56", city: "New York", state: "New York", country: "USA">
[active_model_serializers] Rendered ActiveModel::Serializer::CollectionSerializer with Trip::ActiveRecord_Relation (0.85ms)
Completed 200 OK in 3ms (Views: 2.7ms | ActiveRecord: 0.3ms)


Started GET "/api/v1/trips" for 127.0.0.1 at 2018-03-26 17:41:49 -0400
Processing by Api::V1::TripsController#index as */*
  [1m[36mTrip Load (0.4ms)[0m  [1m[34mSELECT "trips".* FROM "trips"[0m
No serializer found for resource: #<Trip id: 1, name: "My New York Trip", user_id: 1, created_at: "2018-03-26 21:35:56", updated_at: "2018-03-26 21:35:56", city: "New York", state: "New York", country: "USA">
[active_model_serializers] Rendered ActiveModel::Serializer::CollectionSerializer with Trip::ActiveRecord_Relation (0.64ms)
Completed 200 OK in 3ms (Views: 2.1ms | ActiveRecord: 0.4ms)


Started GET "/api/v1/trips" for 127.0.0.1 at 2018-03-26 17:43:03 -0400
Processing by Api::V1::TripsController#index as */*
  [1m[36mTrip Load (0.3ms)[0m  [1m[34mSELECT "trips".* FROM "trips"[0m
No serializer found for resource: #<Trip id: 1, name: "My New York Trip", user_id: 1, created_at: "2018-03-26 21:35:56", updated_at: "2018-03-26 21:35:56", city: "New York", state: "New York", country: "USA">
[active_model_serializers] Rendered ActiveModel::Serializer::CollectionSerializer with Trip::ActiveRecord_Relation (0.94ms)
Completed 200 OK in 3ms (Views: 2.6ms | ActiveRecord: 0.3ms)


Started GET "/api/v1/trips" for 127.0.0.1 at 2018-03-26 17:44:41 -0400
Processing by Api::V1::TripsController#index as */*
  [1m[36mTrip Load (0.3ms)[0m  [1m[34mSELECT "trips".* FROM "trips"[0m
No serializer found for resource: #<Trip id: 1, name: "My New York Trip", user_id: 1, created_at: "2018-03-26 21:35:56", updated_at: "2018-03-26 21:35:56", city: "New York", state: "New York", country: "USA">
[active_model_serializers] Rendered ActiveModel::Serializer::CollectionSerializer with Trip::ActiveRecord_Relation (0.86ms)
Completed 200 OK in 3ms (Views: 2.6ms | ActiveRecord: 0.3ms)


Started GET "/api/v1/trips" for 127.0.0.1 at 2018-03-26 17:45:03 -0400
Processing by Api::V1::TripsController#index as */*
  [1m[36mTrip Load (0.3ms)[0m  [1m[34mSELECT "trips".* FROM "trips"[0m
No serializer found for resource: #<Trip id: 1, name: "My New York Trip", user_id: 1, created_at: "2018-03-26 21:35:56", updated_at: "2018-03-26 21:35:56", city: "New York", state: "New York", country: "USA">
[active_model_serializers] Rendered ActiveModel::Serializer::CollectionSerializer with Trip::ActiveRecord_Relation (0.74ms)
Completed 200 OK in 3ms (Views: 2.4ms | ActiveRecord: 0.3ms)


Started GET "/api/v1/trips" for 127.0.0.1 at 2018-03-26 17:46:49 -0400
Processing by Api::V1::TripsController#index as */*
  [1m[36mTrip Load (0.3ms)[0m  [1m[34mSELECT "trips".* FROM "trips"[0m
No serializer found for resource: #<Trip id: 1, name: "My New York Trip", user_id: 1, created_at: "2018-03-26 21:35:56", updated_at: "2018-03-26 21:35:56", city: "New York", state: "New York", country: "USA">
[active_model_serializers] Rendered ActiveModel::Serializer::CollectionSerializer with Trip::ActiveRecord_Relation (9.37ms)
Completed 200 OK in 11ms (Views: 10.7ms | ActiveRecord: 0.3ms)


Started GET "/api/v1/trips" for 127.0.0.1 at 2018-03-26 17:46:51 -0400
Processing by Api::V1::TripsController#index as */*
  [1m[36mTrip Load (0.5ms)[0m  [1m[34mSELECT "trips".* FROM "trips"[0m
No serializer found for resource: #<Trip id: 1, name: "My New York Trip", user_id: 1, created_at: "2018-03-26 21:35:56", updated_at: "2018-03-26 21:35:56", city: "New York", state: "New York", country: "USA">
[active_model_serializers] Rendered ActiveModel::Serializer::CollectionSerializer with Trip::ActiveRecord_Relation (0.51ms)
Completed 200 OK in 3ms (Views: 2.1ms | ActiveRecord: 0.5ms)


  [1m[35m (0.9ms)[0m  [1m[34mSELECT "schema_migrations"."version" FROM "schema_migrations" ORDER BY "schema_migrations"."version" ASC[0m
  [1m[35m (0.4ms)[0m  [1m[34mSELECT "ar_internal_metadata"."value" FROM "ar_internal_metadata" WHERE "ar_internal_metadata"."key" = $1[0m  [["key", "environment"]]
  [1m[35m (0.3ms)[0m  [1m[34mSELECT "schema_migrations"."version" FROM "schema_migrations" ORDER BY "schema_migrations"."version" ASC[0m
  [1m[35m (0.2ms)[0m  [1m[34mSELECT "ar_internal_metadata"."value" FROM "ar_internal_metadata" WHERE "ar_internal_metadata"."key" = $1[0m  [["key", "environment"]]
  [1m[35m (0.2ms)[0m  [1m[34mSELECT "schema_migrations"."version" FROM "schema_migrations" ORDER BY "schema_migrations"."version" ASC[0m
  [1m[35m (0.2ms)[0m  [1m[34mSELECT "ar_internal_metadata"."value" FROM "ar_internal_metadata" WHERE "ar_internal_metadata"."key" = $1[0m  [["key", "environment"]]
  [1m[35m (7061.9ms)[0m  [1m[35mDROP DATABASE IF EXISTS "Traveler_development"[0m
  [1m[35m (219.6ms)[0m  [1m[35mDROP DATABASE IF EXISTS "Traveler_test"[0m
  [1m[35m (460.6ms)[0m  [1m[35mCREATE DATABASE "Traveler_development" ENCODING = 'unicode'[0m
  [1m[35m (433.6ms)[0m  [1m[35mCREATE DATABASE "Traveler_test" ENCODING = 'unicode'[0m
  [1m[35mSQL (0.5ms)[0m  [1m[35mCREATE EXTENSION IF NOT EXISTS "plpgsql"[0m
  [1m[35m (0.4ms)[0m  [1m[35mDROP TABLE IF EXISTS "events" CASCADE[0m
  [1m[35m (8.3ms)[0m  [1m[35mCREATE TABLE "events" ("id" bigserial primary key, "name" character varying, "category" character varying, "trip_id" integer, "created_at" timestamp NOT NULL, "updated_at" timestamp NOT NULL)[0m
  [1m[35m (0.3ms)[0m  [1m[35mDROP TABLE IF EXISTS "trips" CASCADE[0m
  [1m[35m (4.0ms)[0m  [1m[35mCREATE TABLE "trips" ("id" bigserial primary key, "name" character varying, "user_id" integer DEFAULT 1, "created_at" timestamp NOT NULL, "updated_at" timestamp NOT NULL, "city" character varying, "state" character varying, "country" character varying)[0m
  [1m[35m (0.3ms)[0m  [1m[35mDROP TABLE IF EXISTS "users" CASCADE[0m
  [1m[35m (2.7ms)[0m  [1m[35mCREATE TABLE "users" ("id" bigserial primary key, "name" character varying, "created_at" timestamp NOT NULL, "updated_at" timestamp NOT NULL)[0m
  [1m[35m (3.3ms)[0m  [1m[35mCREATE TABLE "schema_migrations" ("version" character varying NOT NULL PRIMARY KEY)[0m
  [1m[35m (0.6ms)[0m  [1m[34mSELECT "schema_migrations"."version" FROM "schema_migrations" ORDER BY "schema_migrations"."version" ASC[0m
  [1m[35m (0.6ms)[0m  [1m[32mINSERT INTO "schema_migrations" (version) VALUES (20180326203657)[0m
  [1m[35m (0.4ms)[0m  [1m[32mINSERT INTO "schema_migrations" (version) VALUES
(20180326190152),
(20180326193854),
(20180326194019);

[0m
  [1m[35m (2.7ms)[0m  [1m[35mCREATE TABLE "ar_internal_metadata" ("key" character varying NOT NULL PRIMARY KEY, "value" character varying, "created_at" timestamp NOT NULL, "updated_at" timestamp NOT NULL)[0m
  [1m[36mActiveRecord::InternalMetadata Load (0.4ms)[0m  [1m[34mSELECT  "ar_internal_metadata".* FROM "ar_internal_metadata" WHERE "ar_internal_metadata"."key" = $1 LIMIT $2[0m  [["key", "environment"], ["LIMIT", 1]]
  [1m[35m (0.3ms)[0m  [1m[35mBEGIN[0m
  [1m[35mSQL (0.6ms)[0m  [1m[32mINSERT INTO "ar_internal_metadata" ("key", "value", "created_at", "updated_at") VALUES ($1, $2, $3, $4) RETURNING "key"[0m  [["key", "environment"], ["value", "development"], ["created_at", "2018-03-26 21:47:27.320240"], ["updated_at", "2018-03-26 21:47:27.320240"]]
  [1m[35m (0.4ms)[0m  [1m[35mCOMMIT[0m
  [1m[36mActiveRecord::InternalMetadata Load (0.5ms)[0m  [1m[34mSELECT  "ar_internal_metadata".* FROM "ar_internal_metadata" WHERE "ar_internal_metadata"."key" = $1 LIMIT $2[0m  [["key", "environment"], ["LIMIT", 1]]
  [1m[35m (0.2ms)[0m  [1m[35mBEGIN[0m
  [1m[35m (0.1ms)[0m  [1m[35mCOMMIT[0m
  [1m[35mSQL (0.5ms)[0m  [1m[35mCREATE EXTENSION IF NOT EXISTS "plpgsql"[0m
  [1m[35m (0.3ms)[0m  [1m[35mDROP TABLE IF EXISTS "events" CASCADE[0m
  [1m[35m (8.0ms)[0m  [1m[35mCREATE TABLE "events" ("id" bigserial primary key, "name" character varying, "category" character varying, "trip_id" integer, "created_at" timestamp NOT NULL, "updated_at" timestamp NOT NULL)[0m
  [1m[35m (0.3ms)[0m  [1m[35mDROP TABLE IF EXISTS "trips" CASCADE[0m
  [1m[35m (6.2ms)[0m  [1m[35mCREATE TABLE "trips" ("id" bigserial primary key, "name" character varying, "user_id" integer DEFAULT 1, "created_at" timestamp NOT NULL, "updated_at" timestamp NOT NULL, "city" character varying, "state" character varying, "country" character varying)[0m
  [1m[35m (0.4ms)[0m  [1m[35mDROP TABLE IF EXISTS "users" CASCADE[0m
  [1m[35m (5.0ms)[0m  [1m[35mCREATE TABLE "users" ("id" bigserial primary key, "name" character varying, "created_at" timestamp NOT NULL, "updated_at" timestamp NOT NULL)[0m
  [1m[35m (3.1ms)[0m  [1m[35mCREATE TABLE "schema_migrations" ("version" character varying NOT NULL PRIMARY KEY)[0m
  [1m[35m (0.6ms)[0m  [1m[34mSELECT "schema_migrations"."version" FROM "schema_migrations" ORDER BY "schema_migrations"."version" ASC[0m
  [1m[35m (0.7ms)[0m  [1m[32mINSERT INTO "schema_migrations" (version) VALUES (20180326203657)[0m
  [1m[35m (0.5ms)[0m  [1m[32mINSERT INTO "schema_migrations" (version) VALUES
(20180326190152),
(20180326193854),
(20180326194019);

[0m
  [1m[35m (2.8ms)[0m  [1m[35mCREATE TABLE "ar_internal_metadata" ("key" character varying NOT NULL PRIMARY KEY, "value" character varying, "created_at" timestamp NOT NULL, "updated_at" timestamp NOT NULL)[0m
  [1m[36mActiveRecord::InternalMetadata Load (0.4ms)[0m  [1m[34mSELECT  "ar_internal_metadata".* FROM "ar_internal_metadata" WHERE "ar_internal_metadata"."key" = $1 LIMIT $2[0m  [["key", "environment"], ["LIMIT", 1]]
  [1m[35m (0.2ms)[0m  [1m[35mBEGIN[0m
  [1m[35mSQL (0.4ms)[0m  [1m[32mINSERT INTO "ar_internal_metadata" ("key", "value", "created_at", "updated_at") VALUES ($1, $2, $3, $4) RETURNING "key"[0m  [["key", "environment"], ["value", "development"], ["created_at", "2018-03-26 21:47:27.405697"], ["updated_at", "2018-03-26 21:47:27.405697"]]
  [1m[35m (0.2ms)[0m  [1m[35mCOMMIT[0m
  [1m[36mActiveRecord::InternalMetadata Load (0.2ms)[0m  [1m[34mSELECT  "ar_internal_metadata".* FROM "ar_internal_metadata" WHERE "ar_internal_metadata"."key" = $1 LIMIT $2[0m  [["key", "environment"], ["LIMIT", 1]]
  [1m[35m (0.1ms)[0m  [1m[35mBEGIN[0m
  [1m[35mSQL (0.4ms)[0m  [1m[33mUPDATE "ar_internal_metadata" SET "value" = $1, "updated_at" = $2 WHERE "ar_internal_metadata"."key" = $3[0m  [["value", "test"], ["updated_at", "2018-03-26 21:47:27.408494"], ["key", "environment"]]
  [1m[35m (0.3ms)[0m  [1m[35mCOMMIT[0m
  [1m[35m (1.6ms)[0m  [1m[34mSELECT "schema_migrations"."version" FROM "schema_migrations" ORDER BY "schema_migrations"."version" ASC[0m
  [1m[35m (0.2ms)[0m  [1m[35mBEGIN[0m
  [1m[35mSQL (0.9ms)[0m  [1m[32mINSERT INTO "users" ("name", "created_at", "updated_at") VALUES ($1, $2, $3) RETURNING "id"[0m  [["name", "Rick"], ["created_at", "2018-03-26 21:47:27.451921"], ["updated_at", "2018-03-26 21:47:27.451921"]]
  [1m[35m (0.4ms)[0m  [1m[35mCOMMIT[0m
  [1m[35m (0.1ms)[0m  [1m[35mBEGIN[0m
  [1m[35mSQL (0.3ms)[0m  [1m[32mINSERT INTO "users" ("name", "created_at", "updated_at") VALUES ($1, $2, $3) RETURNING "id"[0m  [["name", "Scott"], ["created_at", "2018-03-26 21:47:27.454653"], ["updated_at", "2018-03-26 21:47:27.454653"]]
  [1m[35m (0.2ms)[0m  [1m[35mCOMMIT[0m
  [1m[35m (0.2ms)[0m  [1m[35mBEGIN[0m
  [1m[36mUser Load (0.5ms)[0m  [1m[34mSELECT  "users".* FROM "users" WHERE "users"."id" = $1 LIMIT $2[0m  [["id", 1], ["LIMIT", 1]]
  [1m[35mSQL (1.6ms)[0m  [1m[32mINSERT INTO "trips" ("name", "created_at", "updated_at", "city", "state", "country") VALUES ($1, $2, $3, $4, $5, $6) RETURNING "id"[0m  [["name", "My New York Trip"], ["created_at", "2018-03-26 21:47:27.481970"], ["updated_at", "2018-03-26 21:47:27.481970"], ["city", "New York"], ["state", "New York"], ["country", "USA"]]
  [1m[35m (0.5ms)[0m  [1m[35mCOMMIT[0m
  [1m[35m (0.3ms)[0m  [1m[35mBEGIN[0m
  [1m[36mUser Load (0.5ms)[0m  [1m[34mSELECT  "users".* FROM "users" WHERE "users"."id" = $1 LIMIT $2[0m  [["id", 1], ["LIMIT", 1]]
  [1m[35mSQL (0.7ms)[0m  [1m[32mINSERT INTO "trips" ("name", "created_at", "updated_at", "city", "state", "country") VALUES ($1, $2, $3, $4, $5, $6) RETURNING "id"[0m  [["name", "Japan '18'"], ["created_at", "2018-03-26 21:47:27.488079"], ["updated_at", "2018-03-26 21:47:27.488079"], ["city", "Tokyo"], ["state", ""], ["country", "Japan"]]
  [1m[35m (0.4ms)[0m  [1m[35mCOMMIT[0m
  [1m[35m (0.2ms)[0m  [1m[35mBEGIN[0m
  [1m[36mUser Load (0.3ms)[0m  [1m[34mSELECT  "users".* FROM "users" WHERE "users"."id" = $1 LIMIT $2[0m  [["id", 1], ["LIMIT", 1]]
  [1m[35mSQL (0.4ms)[0m  [1m[32mINSERT INTO "trips" ("name", "created_at", "updated_at", "city", "state", "country") VALUES ($1, $2, $3, $4, $5, $6) RETURNING "id"[0m  [["name", "Ohio Trip"], ["created_at", "2018-03-26 21:47:27.492908"], ["updated_at", "2018-03-26 21:47:27.492908"], ["city", "Columbus"], ["state", "OHIO"], ["country", "USA"]]
  [1m[35m (0.3ms)[0m  [1m[35mCOMMIT[0m
Started GET "/api/v1/trips" for 127.0.0.1 at 2018-03-26 17:47:35 -0400
  [1m[35m (1.0ms)[0m  [1m[34mSELECT "schema_migrations"."version" FROM "schema_migrations" ORDER BY "schema_migrations"."version" ASC[0m
Processing by Api::V1::TripsController#index as */*
  [1m[36mTrip Load (0.7ms)[0m  [1m[34mSELECT "trips".* FROM "trips"[0m
No serializer found for resource: #<Trip id: 1, name: "My New York Trip", user_id: 1, created_at: "2018-03-26 21:47:27", updated_at: "2018-03-26 21:47:27", city: "New York", state: "New York", country: "USA">
[active_model_serializers] Rendered ActiveModel::Serializer::CollectionSerializer with Trip::ActiveRecord_Relation (0.66ms)
Completed 200 OK in 30ms (Views: 17.1ms | ActiveRecord: 7.1ms)


Started GET "/api/v1/trips" for 127.0.0.1 at 2018-03-26 17:49:21 -0400
Processing by Api::V1::TripsController#index as */*
  [1m[36mTrip Load (0.7ms)[0m  [1m[34mSELECT "trips".* FROM "trips"[0m
No serializer found for resource: #<Trip id: 1, name: "My New York Trip", user_id: 1, created_at: "2018-03-26 21:47:27", updated_at: "2018-03-26 21:47:27", city: "New York", state: "New York", country: "USA">
[active_model_serializers] Rendered ActiveModel::Serializer::CollectionSerializer with Trip::ActiveRecord_Relation (0.71ms)
Completed 200 OK in 16ms (Views: 8.5ms | ActiveRecord: 7.6ms)


Started GET "/api/v1/trips" for 127.0.0.1 at 2018-03-26 17:49:25 -0400
Processing by Api::V1::TripsController#index as */*
  [1m[36mTrip Load (0.3ms)[0m  [1m[34mSELECT "trips".* FROM "trips"[0m
No serializer found for resource: #<Trip id: 1, name: "My New York Trip", user_id: 1, created_at: "2018-03-26 21:47:27", updated_at: "2018-03-26 21:47:27", city: "New York", state: "New York", country: "USA">
[active_model_serializers] Rendered ActiveModel::Serializer::CollectionSerializer with Trip::ActiveRecord_Relation (0.61ms)
Completed 200 OK in 3ms (Views: 2.3ms | ActiveRecord: 0.3ms)


Started GET "/api/v1/trips" for 127.0.0.1 at 2018-03-26 17:49:43 -0400
Processing by Api::V1::TripsController#index as */*
  [1m[36mTrip Load (0.5ms)[0m  [1m[34mSELECT "trips".* FROM "trips"[0m
No serializer found for resource: #<Trip id: 1, name: "My New York Trip", user_id: 1, created_at: "2018-03-26 21:47:27", updated_at: "2018-03-26 21:47:27", city: "New York", state: "New York", country: "USA">
[active_model_serializers] Rendered ActiveModel::Serializer::CollectionSerializer with Trip::ActiveRecord_Relation (0.73ms)
Completed 200 OK in 3ms (Views: 2.6ms | ActiveRecord: 0.5ms)


